TN:
SF:src/components/index.ts
FNF:0
FNH:0
DA:1,0
DA:2,0
DA:3,0
DA:4,0
DA:5,0
DA:6,0
DA:7,0
DA:8,0
DA:9,0
DA:10,0
DA:11,0
DA:12,0
DA:13,0
DA:14,0
LF:14
LH:0
BRF:0
BRH:0
end_of_record
TN:
SF:src/components/app/app.tsx
FN:24,(anonymous_1)
FN:66,(anonymous_2)
FN:73,(anonymous_3)
FN:86,(anonymous_4)
FN:100,(anonymous_5)
FN:112,(anonymous_6)
FN:117,(anonymous_7)
FN:118,(anonymous_8)
FNF:8
FNH:0
FNDA:0,(anonymous_1)
FNDA:0,(anonymous_2)
FNDA:0,(anonymous_3)
FNDA:0,(anonymous_4)
FNDA:0,(anonymous_5)
FNDA:0,(anonymous_6)
FNDA:0,(anonymous_7)
FNDA:0,(anonymous_8)
DA:1,0
DA:12,0
DA:13,0
DA:15,0
DA:16,0
DA:17,0
DA:18,0
DA:19,0
DA:20,0
DA:21,0
DA:22,0
DA:24,0
DA:66,0
DA:74,0
DA:87,0
DA:101,0
DA:112,0
DA:113,0
DA:114,0
DA:115,0
DA:117,0
DA:118,0
DA:119,0
DA:120,0
DA:122,0
DA:125,0
DA:134,0
LF:27
LH:0
BRDA:115,0,0,0
BRDA:115,0,1,0
BRDA:115,1,0,0
BRDA:115,1,1,0
BRDA:128,2,0,0
BRDA:128,2,1,0
BRDA:129,3,0,0
BRDA:129,3,1,0
BRF:8
BRH:0
end_of_record
TN:
SF:src/components/app-header/app-header.tsx
FN:6,(anonymous_0)
FNF:1
FNH:0
FNDA:0,(anonymous_0)
DA:2,0
DA:3,0
DA:4,0
DA:6,0
DA:7,0
DA:8,0
LF:6
LH:0
BRDA:8,0,0,0
BRDA:8,0,1,0
BRDA:8,1,0,0
BRDA:8,1,1,0
BRDA:8,2,0,0
BRDA:8,2,1,0
BRDA:8,3,0,0
BRDA:8,3,1,0
BRF:8
BRH:0
end_of_record
TN:
SF:src/components/app-header/index.ts
FN:1,(anonymous_0)
FNF:1
FNH:0
FNDA:0,(anonymous_0)
DA:1,0
LF:1
LH:0
BRF:0
BRH:0
end_of_record
TN:
SF:src/components/burger-constructor/burger-constructor.tsx
FN:14,(anonymous_1)
FN:23,(anonymous_2)
FN:24,(anonymous_3)
FN:34,(anonymous_4)
FN:47,(anonymous_5)
FN:52,(anonymous_6)
FN:55,(anonymous_7)
FNF:7
FNH:0
FNDA:0,(anonymous_1)
FNDA:0,(anonymous_2)
FNDA:0,(anonymous_3)
FNDA:0,(anonymous_4)
FNDA:0,(anonymous_5)
FNDA:0,(anonymous_6)
FNDA:0,(anonymous_7)
DA:1,0
DA:3,0
DA:4,0
DA:5,0
DA:6,0
DA:12,0
DA:14,0
DA:15,0
DA:16,0
DA:19,0
DA:21,0
DA:23,0
DA:24,0
DA:26,0
DA:27,0
DA:30,0
DA:31,0
DA:34,0
DA:35,0
DA:37,0
DA:38,0
DA:39,0
DA:40,0
DA:41,0
DA:42,0
DA:43,0
DA:47,0
DA:48,0
DA:49,0
DA:52,0
DA:53,0
DA:54,0
DA:55,0
DA:58,0
DA:61,0
LF:35
LH:0
BRDA:26,0,0,0
BRDA:37,1,0,0
BRDA:37,1,1,0
BRDA:37,2,0,0
BRDA:37,2,1,0
BRDA:40,3,0,0
BRDA:40,3,1,0
BRDA:40,4,0,0
BRDA:40,4,1,0
BRDA:42,5,0,0
BRDA:53,6,0,0
BRDA:53,6,1,0
BRF:12
BRH:0
end_of_record
TN:
SF:src/components/burger-constructor/index.ts
FN:1,(anonymous_0)
FNF:1
FNH:0
FNDA:0,(anonymous_0)
DA:1,0
LF:1
LH:0
BRF:0
BRH:0
end_of_record
TN:
SF:src/components/burger-constructor-element/burger-constructor-element.tsx
FN:17,(anonymous_0)
FN:29,(anonymous_1)
FN:30,(anonymous_2)
FN:31,(anonymous_3)
FNF:4
FNH:0
FNDA:0,(anonymous_0)
FNDA:0,(anonymous_1)
FNDA:0,(anonymous_2)
FNDA:0,(anonymous_3)
DA:2,0
DA:3,0
DA:8,0
DA:17,0
DA:18,0
DA:19,0
DA:20,0
DA:22,0
DA:24,0
DA:29,0
DA:30,0
DA:31,0
LF:12
LH:0
BRF:0
BRH:0
end_of_record
TN:
SF:src/components/burger-constructor-element/index.ts
FN:1,(anonymous_0)
FNF:1
FNH:0
FNDA:0,(anonymous_0)
DA:1,0
LF:1
LH:0
BRF:0
BRH:0
end_of_record
TN:
SF:src/components/burger-ingredient/burger-ingredient.tsx
FN:13,(anonymous_0)
FN:20,(anonymous_1)
FNF:2
FNH:0
FNDA:0,(anonymous_0)
FNDA:0,(anonymous_1)
DA:2,0
DA:3,0
DA:4,0
DA:5,0
DA:13,0
DA:14,0
DA:15,0
DA:17,0
DA:18,0
DA:20,0
DA:21,0
DA:24,0
LF:12
LH:0
BRF:0
BRH:0
end_of_record
TN:
SF:src/components/burger-ingredient/index.ts
FN:1,(anonymous_0)
FNF:1
FNH:0
FNDA:0,(anonymous_0)
DA:1,0
LF:1
LH:0
BRF:0
BRH:0
end_of_record
TN:
SF:src/components/burger-ingredients/burger-ingredients.tsx
FN:8,(anonymous_0)
FN:12,(anonymous_1)
FN:13,(anonymous_2)
FN:14,(anonymous_3)
FN:15,(anonymous_4)
FN:33,(anonymous_5)
FN:48,(anonymous_6)
FN:55,(anonymous_7)
FN:63,(anonymous_8)
FNF:9
FNH:0
FNDA:0,(anonymous_0)
FNDA:0,(anonymous_1)
FNDA:0,(anonymous_2)
FNDA:0,(anonymous_3)
FNDA:0,(anonymous_4)
FNDA:0,(anonymous_5)
FNDA:0,(anonymous_6)
FNDA:0,(anonymous_7)
FNDA:0,(anonymous_8)
DA:1,0
DA:2,0
DA:4,0
DA:5,0
DA:6,0
DA:8,0
DA:9,0
DA:11,0
DA:12,0
DA:13,0
DA:14,0
DA:15,0
DA:20,0
DA:22,0
DA:28,0
DA:29,0
DA:30,0
DA:32,0
DA:34,0
DA:40,0
DA:47,0
DA:49,0
DA:50,0
DA:55,0
DA:56,0
DA:62,0
DA:63,0
DA:66,0
DA:67,0
DA:71,0
DA:88,0
DA:90,0
LF:32
LH:0
BRDA:40,0,0,0
BRDA:40,0,1,0
BRDA:40,1,0,0
BRDA:40,1,1,0
BRDA:40,2,0,0
BRDA:40,2,1,0
BRDA:40,3,0,0
BRDA:40,3,1,0
BRDA:62,4,0,0
BRDA:62,4,1,0
BRDA:62,5,0,0
BRDA:62,5,1,0
BRDA:66,6,0,0
BRF:13
BRH:0
end_of_record
TN:
SF:src/components/burger-ingredients/index.ts
FN:1,(anonymous_0)
FNF:1
FNH:0
FNDA:0,(anonymous_0)
DA:1,0
LF:1
LH:0
BRF:0
BRH:0
end_of_record
TN:
SF:src/components/centering-component/centering-component.tsx
FN:6,(anonymous_0)
FN:10,(anonymous_1)
FN:18,(anonymous_2)
FN:25,(anonymous_3)
FNF:4
FNH:0
FNDA:0,(anonymous_0)
FNDA:0,(anonymous_1)
FNDA:0,(anonymous_2)
FNDA:0,(anonymous_3)
DA:1,0
DA:2,0
DA:4,0
DA:6,0
DA:7,0
DA:8,0
DA:10,0
DA:11,0
DA:17,0
DA:18,0
DA:19,0
DA:22,0
DA:25,0
DA:26,0
DA:27,0
DA:30,0
DA:39,0
DA:41,0
LF:18
LH:0
BRDA:18,0,0,0
BRDA:18,0,1,0
BRDA:18,1,0,0
BRDA:18,1,1,0
BRDA:22,2,0,0
BRDA:22,2,1,0
BRF:6
BRH:0
end_of_record
TN:
SF:src/components/centering-component/index.ts
FN:1,(anonymous_0)
FNF:1
FNH:0
FNDA:0,(anonymous_0)
DA:1,0
LF:1
LH:0
BRF:0
BRH:0
end_of_record
TN:
SF:src/components/feed-info/feed-info.tsx
FN:7,(anonymous_0)
FN:11,(anonymous_1)
FN:12,(anonymous_2)
FN:14,(anonymous_3)
FN:15,(anonymous_4)
FN:25,(anonymous_5)
FNF:6
FNH:0
FNDA:0,(anonymous_0)
FNDA:0,(anonymous_1)
FNDA:0,(anonymous_2)
FNDA:0,(anonymous_3)
FNDA:0,(anonymous_4)
FNDA:0,(anonymous_5)
DA:1,0
DA:3,0
DA:4,0
DA:5,0
DA:7,0
DA:8,0
DA:9,0
DA:11,0
DA:12,0
DA:13,0
DA:14,0
DA:15,0
DA:18,0
DA:24,0
DA:25,0
DA:33,0
DA:42,0
DA:43,0
LF:18
LH:0
BRF:0
BRH:0
end_of_record
TN:
SF:src/components/feed-info/index.ts
FN:1,(anonymous_0)
FNF:1
FNH:0
FNDA:0,(anonymous_0)
DA:1,0
LF:1
LH:0
BRF:0
BRH:0
end_of_record
TN:
SF:src/components/ingredient-details/index.ts
FN:1,(anonymous_0)
FNF:1
FNH:0
FNDA:0,(anonymous_0)
DA:1,0
LF:1
LH:0
BRF:0
BRH:0
end_of_record
TN:
SF:src/components/ingredient-details/ingredient-details.tsx
FN:8,(anonymous_0)
FN:12,(anonymous_1)
FN:13,(anonymous_2)
FN:14,(anonymous_3)
FNF:4
FNH:0
FNDA:0,(anonymous_0)
FNDA:0,(anonymous_1)
FNDA:0,(anonymous_2)
FNDA:0,(anonymous_3)
DA:1,0
DA:2,0
DA:3,0
DA:4,0
DA:5,0
DA:6,0
DA:8,0
DA:9,0
DA:10,0
DA:12,0
DA:13,0
DA:14,0
DA:16,0
DA:19,0
DA:20,0
DA:23,0
DA:26,0
DA:28,0
LF:18
LH:0
BRDA:19,0,0,0
BRF:1
BRH:0
end_of_record
TN:
SF:src/components/ingredients-category/index.ts
FN:1,(anonymous_0)
FNF:1
FNH:0
FNDA:0,(anonymous_0)
DA:1,0
LF:1
LH:0
BRF:0
BRH:0
end_of_record
TN:
SF:src/components/ingredients-category/ingredients-category.tsx
FN:11,(anonymous_0)
FN:14,(anonymous_1)
FN:15,(anonymous_2)
FN:18,(anonymous_3)
FN:19,(anonymous_4)
FNF:5
FNH:0
FNDA:0,(anonymous_0)
FNDA:0,(anonymous_1)
FNDA:0,(anonymous_2)
FNDA:0,(anonymous_3)
FNDA:0,(anonymous_4)
DA:1,0
DA:4,0
DA:5,0
DA:6,0
DA:8,0
DA:11,0
DA:12,0
DA:14,0
DA:15,0
DA:16,0
DA:18,0
DA:19,0
DA:20,0
DA:21,0
DA:25,0
DA:27,0
DA:28,0
DA:31,0
DA:34,0
DA:37,0
DA:48,0
DA:50,0
LF:22
LH:0
BRDA:20,0,0,0
BRDA:20,0,1,0
BRDA:27,1,0,0
BRF:3
BRH:0
end_of_record
TN:
SF:src/components/modal/index.ts
FN:1,(anonymous_0)
FNF:1
FNH:0
FNDA:0,(anonymous_0)
DA:1,0
LF:1
LH:0
BRF:0
BRH:0
end_of_record
TN:
SF:src/components/modal/modal.tsx
FN:9,(anonymous_1)
FN:10,(anonymous_2)
FN:11,(anonymous_3)
FN:16,(anonymous_4)
FNF:4
FNH:0
FNDA:0,(anonymous_1)
FNDA:0,(anonymous_2)
FNDA:0,(anonymous_3)
FNDA:0,(anonymous_4)
DA:1,0
DA:2,0
DA:5,0
DA:7,0
DA:9,0
DA:10,0
DA:11,0
DA:12,0
DA:15,0
DA:16,0
DA:17,0
DA:21,0
LF:12
LH:0
BRDA:12,0,0,0
BRDA:12,0,1,0
BRF:2
BRH:0
end_of_record
TN:
SF:src/components/order-card/index.ts
FN:1,(anonymous_0)
FNF:1
FNH:0
FNDA:0,(anonymous_0)
DA:1,0
LF:1
LH:0
BRF:0
BRH:0
end_of_record
TN:
SF:src/components/order-card/order-card.tsx
FN:11,(anonymous_3)
FN:15,(anonymous_4)
FN:18,(anonymous_5)
FN:19,(anonymous_6)
FN:20,(anonymous_7)
FN:21,(anonymous_8)
FN:25,(anonymous_9)
FN:26,(anonymous_10)
FNF:8
FNH:0
FNDA:0,(anonymous_3)
FNDA:0,(anonymous_4)
FNDA:0,(anonymous_5)
FNDA:0,(anonymous_6)
FNDA:0,(anonymous_7)
FNDA:0,(anonymous_8)
FNDA:0,(anonymous_9)
FNDA:0,(anonymous_10)
DA:1,0
DA:2,0
DA:5,0
DA:6,0
DA:7,0
DA:9,0
DA:11,0
DA:12,0
DA:13,0
DA:15,0
DA:16,0
DA:18,0
DA:19,0
DA:20,0
DA:21,0
DA:22,0
DA:25,0
DA:26,0
DA:31,0
DA:32,0
DA:33,0
DA:35,0
DA:45,0
DA:48,0
DA:50,0
DA:59,0
DA:61,0
LF:27
LH:0
BRDA:16,0,0,0
BRDA:22,1,0,0
BRDA:22,1,1,0
BRDA:48,2,0,0
BRF:4
BRH:0
end_of_record
TN:
SF:src/components/order-info/index.ts
FN:1,(anonymous_0)
FNF:1
FNH:0
FNDA:0,(anonymous_0)
DA:1,0
LF:1
LH:0
BRF:0
BRH:0
end_of_record
TN:
SF:src/components/order-info/order-info.tsx
FN:18,(anonymous_2)
FN:25,(anonymous_3)
FN:29,(anonymous_4)
FN:32,(anonymous_5)
FN:33,(anonymous_6)
FN:35,(anonymous_7)
FN:44,(anonymous_8)
FN:55,(anonymous_9)
FN:57,(anonymous_10)
FNF:9
FNH:0
FNDA:0,(anonymous_2)
FNDA:0,(anonymous_3)
FNDA:0,(anonymous_4)
FNDA:0,(anonymous_5)
FNDA:0,(anonymous_6)
FNDA:0,(anonymous_7)
FNDA:0,(anonymous_8)
FNDA:0,(anonymous_9)
FNDA:0,(anonymous_10)
DA:1,0
DA:2,0
DA:3,0
DA:5,0
DA:6,0
DA:7,0
DA:12,0
DA:18,0
DA:19,0
DA:20,0
DA:21,0
DA:22,0
DA:23,0
DA:25,0
DA:26,0
DA:29,0
DA:30,0
DA:32,0
DA:33,0
DA:34,0
DA:36,0
DA:38,0
DA:39,0
DA:40,0
DA:43,0
DA:44,0
DA:46,0
DA:47,0
DA:50,0
DA:55,0
DA:56,0
DA:57,0
DA:61,0
DA:62,0
DA:64,0
DA:72,0
DA:75,0
DA:76,0
DA:79,0
DA:82,0
DA:84,0
LF:41
LH:0
BRDA:30,0,0,0
BRDA:30,1,0,0
BRDA:30,1,1,0
BRDA:38,2,0,0
BRDA:46,3,0,0
BRDA:75,4,0,0
BRDA:75,5,0,0
BRDA:75,5,1,0
BRF:8
BRH:0
end_of_record
TN:
SF:src/components/order-status/index.ts
FN:1,(anonymous_0)
FNF:1
FNH:0
FNDA:0,(anonymous_0)
DA:1,0
LF:1
LH:0
BRF:0
BRH:0
end_of_record
TN:
SF:src/components/order-status/order-status.tsx
FN:5,(anonymous_0)
FN:6,(anonymous_1)
FNF:2
FNH:0
FNDA:0,(anonymous_0)
FNDA:0,(anonymous_1)
DA:1,0
DA:3,0
DA:5,0
DA:6,0
DA:7,0
DA:13,0
DA:19,0
DA:29,0
DA:34,0
DA:36,0
LF:10
LH:0
BRDA:21,0,0,0
BRDA:21,0,1,0
BRDA:24,1,0,0
BRDA:24,1,1,0
BRF:4
BRH:0
end_of_record
TN:
SF:src/components/orders-list/index.ts
FN:1,(anonymous_0)
FNF:1
FNH:0
FNDA:0,(anonymous_0)
DA:1,0
LF:1
LH:0
BRF:0
BRH:0
end_of_record
TN:
SF:src/components/orders-list/orders-list.tsx
FN:6,(anonymous_1)
FN:8,(anonymous_2)
FNF:2
FNH:0
FNDA:0,(anonymous_1)
FNDA:0,(anonymous_2)
DA:1,0
DA:4,0
DA:6,0
DA:7,0
DA:8,0
DA:11,0
LF:6
LH:0
BRF:0
BRH:0
end_of_record
TN:
SF:src/components/profile-menu/index.ts
FN:1,(anonymous_0)
FNF:1
FNH:0
FNDA:0,(anonymous_0)
DA:1,0
LF:1
LH:0
BRF:0
BRH:0
end_of_record
TN:
SF:src/components/profile-menu/profile-menu.tsx
FN:7,(anonymous_0)
FN:12,(anonymous_1)
FN:13,(anonymous_2)
FNF:3
FNH:0
FNDA:0,(anonymous_0)
FNDA:0,(anonymous_1)
FNDA:0,(anonymous_2)
DA:1,0
DA:2,0
DA:3,0
DA:4,0
DA:5,0
DA:7,0
DA:8,0
DA:9,0
DA:10,0
DA:12,0
DA:13,0
DA:14,0
DA:15,0
DA:18,0
DA:21,0
DA:24,0
DA:26,0
LF:17
LH:0
BRF:0
BRH:0
end_of_record
TN:
SF:src/components/protected-route/protected-route.tsx
FN:10,(anonymous_0)
FNF:1
FNH:0
FNDA:0,(anonymous_0)
DA:1,0
DA:2,0
DA:3,0
DA:4,0
DA:10,0
DA:11,0
DA:12,0
DA:14,0
DA:15,0
DA:18,0
DA:19,0
DA:22,0
DA:23,0
DA:24,0
DA:25,0
DA:28,0
DA:31,0
DA:33,0
LF:18
LH:0
BRDA:14,0,0,0
BRDA:18,1,0,0
BRDA:18,2,0,0
BRDA:18,2,1,0
BRDA:22,3,0,0
BRDA:22,4,0,0
BRDA:22,4,1,0
BRDA:24,5,0,0
BRDA:24,5,1,0
BRDA:24,6,0,0
BRDA:24,6,1,0
BRDA:24,7,0,0
BRDA:24,7,1,0
BRF:13
BRH:0
end_of_record
TN:
SF:src/components/ui/index.ts
FNF:0
FNH:0
DA:1,0
DA:2,0
DA:3,0
DA:4,0
DA:5,0
DA:6,0
DA:7,0
DA:8,0
DA:9,0
DA:10,0
DA:11,0
DA:12,0
DA:13,0
DA:14,0
DA:15,0
DA:16,0
DA:17,0
LF:17
LH:0
BRF:0
BRH:0
end_of_record
TN:
SF:src/components/ui/app-header/app-header.tsx
FN:12,(anonymous_1)
FN:27,(anonymous_2)
FN:41,(anonymous_3)
FN:55,(anonymous_4)
FN:69,(anonymous_5)
FN:84,(anonymous_6)
FNF:6
FNH:0
FNDA:0,(anonymous_1)
FNDA:0,(anonymous_2)
FNDA:0,(anonymous_3)
FNDA:0,(anonymous_4)
FNDA:0,(anonymous_5)
FNDA:0,(anonymous_6)
DA:2,0
DA:4,0
DA:10,0
DA:12,0
DA:13,0
DA:14,0
DA:15,0
DA:16,0
DA:17,0
DA:18,0
DA:21,0
DA:27,0
DA:28,0
DA:41,0
DA:42,0
DA:55,0
DA:56,0
DA:69,0
DA:70,0
DA:84,0
DA:85,0
LF:21
LH:0
BRDA:15,0,0,0
BRDA:15,0,1,0
BRDA:17,1,0,0
BRDA:30,2,0,0
BRDA:30,2,1,0
BRDA:30,3,0,0
BRDA:30,3,1,0
BRDA:44,4,0,0
BRDA:44,4,1,0
BRDA:58,5,0,0
BRDA:58,5,1,0
BRDA:66,6,0,0
BRDA:66,6,1,0
BRDA:72,7,0,0
BRDA:72,7,1,0
BRDA:78,8,0,0
BRDA:78,8,1,0
BRDA:87,9,0,0
BRDA:87,9,1,0
BRDA:93,10,0,0
BRDA:93,10,1,0
BRF:21
BRH:0
end_of_record
TN:
SF:src/components/ui/app-header/index.ts
FN:1,(anonymous_0)
FNF:1
FNH:0
FNDA:0,(anonymous_0)
DA:1,0
LF:1
LH:0
BRF:0
BRH:0
end_of_record
TN:
SF:src/components/ui/burger-constructor/burger-constructor.tsx
FN:13,(anonymous_1)
FN:42,(anonymous_2)
FNF:2
FNH:0
FNDA:0,(anonymous_1)
FNDA:0,(anonymous_2)
DA:2,0
DA:7,0
DA:10,0
DA:11,0
DA:13,0
DA:14,0
DA:15,0
DA:16,0
DA:17,0
DA:18,0
DA:19,0
DA:20,0
DA:42,0
LF:13
LH:0
BRDA:22,0,0,0
BRDA:22,0,1,0
BRDA:40,1,0,0
BRDA:40,1,1,0
BRDA:59,2,0,0
BRDA:59,2,1,0
BRDA:91,3,0,0
BRDA:91,3,1,0
BRDA:97,4,0,0
BRDA:97,4,1,0
BRDA:100,5,0,0
BRDA:100,5,1,0
BRF:12
BRH:0
end_of_record
TN:
SF:src/components/ui/burger-constructor/index.ts
FN:1,(anonymous_0)
FNF:1
FNH:0
FNDA:0,(anonymous_0)
DA:1,0
LF:1
LH:0
BRF:0
BRH:0
end_of_record
TN:
SF:src/components/ui/burger-constructor-element/burger-constructor-element.tsx
FN:9,(anonymous_1)
FNF:1
FNH:0
FNDA:0,(anonymous_1)
DA:1,0
DA:2,0
DA:3,0
DA:5,0
DA:7,0
DA:10,0
DA:11,0
DA:12,0
DA:13,0
DA:14,0
DA:15,0
DA:16,0
LF:12
LH:0
BRF:0
BRH:0
end_of_record
TN:
SF:src/components/ui/burger-constructor-element/index.ts
FN:1,(anonymous_0)
FNF:1
FNH:0
FNDA:0,(anonymous_0)
DA:1,0
LF:1
LH:0
BRF:0
BRH:0
end_of_record
TN:
SF:src/components/ui/burger-ingredient/burger-ingredient.tsx
FN:15,(anonymous_1)
FNF:1
FNH:0
FNDA:0,(anonymous_1)
DA:1,0
DA:2,0
DA:3,0
DA:6,0
DA:14,0
DA:15,0
DA:16,0
DA:18,0
LF:8
LH:0
BRDA:25,0,0,0
BRDA:25,0,1,0
BRF:2
BRH:0
end_of_record
TN:
SF:src/components/ui/burger-ingredient/index.ts
FN:1,(anonymous_0)
FNF:1
FNH:0
FNDA:0,(anonymous_0)
DA:1,0
LF:1
LH:0
BRF:0
BRH:0
end_of_record
TN:
SF:src/components/ui/burger-ingredients/burger-ingredients.tsx
FN:9,(anonymous_1)
FNF:1
FNH:0
FNDA:0,(anonymous_1)
DA:1,0
DA:2,0
DA:4,0
DA:6,0
DA:8,0
DA:10,0
DA:11,0
DA:12,0
DA:13,0
DA:14,0
DA:15,0
DA:16,0
DA:17,0
DA:18,0
DA:19,0
DA:20,0
DA:21,0
LF:17
LH:0
BRF:0
BRH:0
end_of_record
TN:
SF:src/components/ui/burger-ingredients/index.ts
FN:1,(anonymous_0)
FNF:1
FNH:0
FNDA:0,(anonymous_0)
DA:1,0
LF:1
LH:0
BRF:0
BRH:0
end_of_record
TN:
SF:src/components/ui/centering-component/centering-component.tsx
FN:6,(anonymous_1)
FNF:1
FNH:0
FNDA:0,(anonymous_1)
DA:1,0
DA:3,0
DA:5,0
DA:6,0
LF:4
LH:0
BRF:0
BRH:0
end_of_record
TN:
SF:src/components/ui/centering-component/index.ts
FN:1,(anonymous_0)
FNF:1
FNH:0
FNDA:0,(anonymous_0)
DA:1,0
LF:1
LH:0
BRF:0
BRH:0
end_of_record
TN:
SF:src/components/ui/feed-info/feed-info.tsx
FN:8,(anonymous_1)
FN:28,(anonymous_2)
FN:32,(anonymous_3)
FN:45,(anonymous_4)
FNF:4
FNH:0
FNDA:0,(anonymous_1)
FNDA:0,(anonymous_2)
FNDA:0,(anonymous_3)
FNDA:0,(anonymous_4)
DA:1,0
DA:3,0
DA:7,0
DA:8,0
DA:9,0
DA:11,0
DA:28,0
DA:32,0
DA:45,0
LF:9
LH:0
BRDA:35,0,0,0
BRDA:35,0,1,0
BRF:2
BRH:0
end_of_record
TN:
SF:src/components/ui/feed-info/index.ts
FN:1,(anonymous_0)
FNF:1
FNH:0
FNDA:0,(anonymous_0)
DA:1,0
LF:1
LH:0
BRF:0
BRH:0
end_of_record
TN:
SF:src/components/ui/ingredient-details/index.ts
FN:1,(anonymous_0)
FNF:1
FNH:0
FNDA:0,(anonymous_0)
DA:1,0
LF:1
LH:0
BRF:0
BRH:0
end_of_record
TN:
SF:src/components/ui/ingredient-details/ingredient-details.tsx
FN:6,(anonymous_1)
FNF:1
FNH:0
FNDA:0,(anonymous_1)
DA:1,0
DA:2,0
DA:5,0
DA:6,0
DA:8,0
DA:10,0
LF:6
LH:0
BRF:0
BRH:0
end_of_record
TN:
SF:src/components/ui/ingredients-category/index.ts
FN:1,(anonymous_0)
FNF:1
FNH:0
FNDA:0,(anonymous_0)
DA:1,0
LF:1
LH:0
BRF:0
BRH:0
end_of_record
TN:
SF:src/components/ui/ingredients-category/ingredients-category.tsx
FN:9,(anonymous_1)
FN:15,(anonymous_2)
FNF:2
FNH:0
FNDA:0,(anonymous_1)
FNDA:0,(anonymous_2)
DA:1,0
DA:2,0
DA:4,0
DA:6,0
DA:9,0
DA:15,0
LF:6
LH:0
BRF:0
BRH:0
end_of_record
TN:
SF:src/components/ui/modal/index.ts
FN:1,(anonymous_0)
FNF:1
FNH:0
FNDA:0,(anonymous_0)
DA:1,0
LF:1
LH:0
BRF:0
BRH:0
end_of_record
TN:
SF:src/components/ui/modal/modal.tsx
FN:10,(anonymous_1)
FNF:1
FNH:0
FNDA:0,(anonymous_1)
DA:1,0
DA:3,0
DA:5,0
DA:7,0
DA:9,0
DA:10,0
LF:6
LH:0
BRF:0
BRH:0
end_of_record
TN:
SF:src/components/ui/modal-overlay/index.ts
FN:1,(anonymous_0)
FNF:1
FNH:0
FNDA:0,(anonymous_0)
DA:1,0
LF:1
LH:0
BRF:0
BRH:0
end_of_record
TN:
SF:src/components/ui/modal-overlay/modal-overlay.tsx
FN:3,(anonymous_1)
FNF:1
FNH:0
FNDA:0,(anonymous_1)
DA:1,0
DA:3,0
LF:2
LH:0
BRF:0
BRH:0
end_of_record
TN:
SF:src/components/ui/order-card/index.ts
FN:1,(anonymous_0)
FNF:1
FNH:0
FNDA:0,(anonymous_0)
DA:1,0
LF:1
LH:0
BRF:0
BRH:0
end_of_record
TN:
SF:src/components/ui/order-card/order-card.tsx
FN:14,(anonymous_1)
FN:37,(anonymous_2)
FNF:2
FNH:0
FNDA:0,(anonymous_1)
FNDA:0,(anonymous_2)
DA:1,0
DA:2,0
DA:3,0
DA:8,0
DA:11,0
DA:13,0
DA:14,0
DA:38,0
DA:39,0
DA:40,0
LF:10
LH:0
BRDA:32,0,0,0
BRDA:32,0,1,0
BRDA:49,1,0,0
BRDA:49,1,1,0
BRDA:49,2,0,0
BRDA:49,2,1,0
BRDA:57,3,0,0
BRDA:57,3,1,0
BRDA:61,4,0,0
BRDA:61,4,1,0
BRF:10
BRH:0
end_of_record
TN:
SF:src/components/ui/order-details/index.ts
FN:1,(anonymous_0)
FNF:1
FNH:0
FNDA:0,(anonymous_0)
DA:1,0
LF:1
LH:0
BRF:0
BRH:0
end_of_record
TN:
SF:src/components/ui/order-details/order-details.tsx
FN:6,(anonymous_1)
FNF:1
FNH:0
FNDA:0,(anonymous_1)
DA:2,0
DA:3,0
DA:6,0
DA:7,0
DA:8,0
LF:5
LH:0
BRF:0
BRH:0
end_of_record
TN:
SF:src/components/ui/order-info/index.ts
FN:1,(anonymous_0)
FNF:1
FNH:0
FNDA:0,(anonymous_0)
DA:1,0
LF:1
LH:0
BRF:0
BRH:0
end_of_record
TN:
SF:src/components/ui/order-info/order-info.tsx
FN:12,(anonymous_1)
FN:20,(anonymous_2)
FNF:2
FNH:0
FNDA:0,(anonymous_1)
FNDA:0,(anonymous_2)
DA:1,0
DA:2,0
DA:7,0
DA:10,0
DA:12,0
DA:20,0
LF:6
LH:0
BRF:0
BRH:0
end_of_record
TN:
SF:src/components/ui/order-status/index.ts
FN:1,(anonymous_0)
FNF:1
FNH:0
FNDA:0,(anonymous_0)
DA:1,0
LF:1
LH:0
BRF:0
BRH:0
end_of_record
TN:
SF:src/components/ui/order-status/order-status.tsx
FN:4,(anonymous_0)
FNF:1
FNH:0
FNDA:0,(anonymous_0)
DA:4,0
LF:1
LH:0
BRF:0
BRH:0
end_of_record
TN:
SF:src/components/ui/orders-list/index.ts
FN:1,(anonymous_0)
FNF:1
FNH:0
FNDA:0,(anonymous_0)
DA:1,0
LF:1
LH:0
BRF:0
BRH:0
end_of_record
TN:
SF:src/components/ui/orders-list/orders-list.tsx
FN:8,(anonymous_1)
FN:10,(anonymous_2)
FNF:2
FNH:0
FNDA:0,(anonymous_1)
FNDA:0,(anonymous_2)
DA:3,0
DA:6,0
DA:8,0
DA:10,0
LF:4
LH:0
BRF:0
BRH:0
end_of_record
TN:
SF:src/components/ui/pages/index.ts
FNF:0
FNH:0
DA:1,0
DA:2,0
DA:3,0
DA:4,0
DA:5,0
DA:6,0
DA:7,0
DA:8,0
LF:8
LH:0
BRF:0
BRH:0
end_of_record
TN:
SF:src/components/ui/pages/constructor-page/constructor-page.tsx
FN:9,(anonymous_1)
FNF:1
FNH:0
FNDA:0,(anonymous_1)
DA:3,0
DA:6,0
DA:7,0
DA:9,0
DA:10,0
DA:11,0
LF:6
LH:0
BRDA:13,0,0,0
BRDA:13,0,1,0
BRF:2
BRH:0
end_of_record
TN:
SF:src/components/ui/pages/constructor-page/index.ts
FN:1,(anonymous_0)
FNF:1
FNH:0
FNDA:0,(anonymous_0)
DA:1,0
LF:1
LH:0
BRF:0
BRH:0
end_of_record
TN:
SF:src/components/ui/pages/feed/feed.tsx
FN:9,(anonymous_1)
FNF:1
FNH:0
FNDA:0,(anonymous_1)
DA:1,0
DA:3,0
DA:6,0
DA:7,0
DA:9,0
LF:5
LH:0
BRF:0
BRH:0
end_of_record
TN:
SF:src/components/ui/pages/feed/index.ts
FN:1,(anonymous_0)
FNF:1
FNH:0
FNDA:0,(anonymous_0)
DA:1,0
LF:1
LH:0
BRF:0
BRH:0
end_of_record
TN:
SF:src/components/ui/pages/forgot-password/forgot-password.tsx
FN:8,(anonymous_1)
FN:26,(anonymous_2)
FNF:2
FNH:0
FNDA:0,(anonymous_1)
FNDA:0,(anonymous_2)
DA:3,0
DA:4,0
DA:5,0
DA:8,0
DA:9,0
DA:10,0
DA:11,0
DA:12,0
DA:13,0
DA:26,0
LF:10
LH:0
BRDA:39,0,0,0
BRDA:39,0,1,0
BRF:2
BRH:0
end_of_record
TN:
SF:src/components/ui/pages/forgot-password/index.ts
FN:1,(anonymous_0)
FNF:1
FNH:0
FNDA:0,(anonymous_0)
DA:1,0
LF:1
LH:0
BRF:0
BRH:0
end_of_record
TN:
SF:src/components/ui/pages/login/index.ts
FN:1,(anonymous_0)
FNF:1
FNH:0
FNDA:0,(anonymous_0)
DA:1,0
LF:1
LH:0
BRF:0
BRH:0
end_of_record
TN:
SF:src/components/ui/pages/login/login.tsx
FN:11,(anonymous_1)
FN:32,(anonymous_2)
FN:42,(anonymous_3)
FNF:3
FNH:0
FNDA:0,(anonymous_1)
FNDA:0,(anonymous_2)
FNDA:0,(anonymous_3)
DA:2,0
DA:7,0
DA:8,0
DA:11,0
DA:12,0
DA:13,0
DA:14,0
DA:15,0
DA:16,0
DA:17,0
DA:18,0
DA:32,0
DA:42,0
LF:13
LH:0
BRDA:52,0,0,0
BRDA:52,0,1,0
BRF:2
BRH:0
end_of_record
TN:
SF:src/components/ui/pages/profile/index.ts
FN:1,(anonymous_0)
FNF:1
FNH:0
FNDA:0,(anonymous_0)
DA:1,0
LF:1
LH:0
BRF:0
BRH:0
end_of_record
TN:
SF:src/components/ui/pages/profile/profile.tsx
FN:10,(anonymous_1)
FNF:1
FNH:0
FNDA:0,(anonymous_1)
DA:3,0
DA:4,0
DA:5,0
DA:8,0
DA:10,0
DA:11,0
DA:12,0
DA:13,0
DA:14,0
DA:15,0
DA:16,0
DA:17,0
LF:12
LH:0
BRDA:66,0,0,0
BRDA:66,0,1,0
BRDA:81,1,0,0
BRDA:81,1,1,0
BRF:4
BRH:0
end_of_record
TN:
SF:src/components/ui/pages/profile-orders/index.ts
FN:1,(anonymous_0)
FNF:1
FNH:0
FNDA:0,(anonymous_0)
DA:1,0
LF:1
LH:0
BRF:0
BRH:0
end_of_record
TN:
SF:src/components/ui/pages/profile-orders/profile-orders.tsx
FN:8,(anonymous_1)
FNF:1
FNH:0
FNDA:0,(anonymous_1)
DA:3,0
DA:6,0
DA:8,0
LF:3
LH:0
BRF:0
BRH:0
end_of_record
TN:
SF:src/components/ui/pages/register/index.ts
FN:1,(anonymous_0)
FNF:1
FNH:0
FNDA:0,(anonymous_0)
DA:1,0
LF:1
LH:0
BRF:0
BRH:0
end_of_record
TN:
SF:src/components/ui/pages/register/register.tsx
FN:11,(anonymous_1)
FN:34,(anonymous_2)
FN:46,(anonymous_3)
FN:56,(anonymous_4)
FNF:4
FNH:0
FNDA:0,(anonymous_1)
FNDA:0,(anonymous_2)
FNDA:0,(anonymous_3)
FNDA:0,(anonymous_4)
DA:2,0
DA:7,0
DA:8,0
DA:11,0
DA:12,0
DA:13,0
DA:14,0
DA:15,0
DA:16,0
DA:17,0
DA:18,0
DA:19,0
DA:20,0
DA:34,0
DA:46,0
DA:56,0
LF:16
LH:0
BRDA:66,0,0,0
BRDA:66,0,1,0
BRF:2
BRH:0
end_of_record
TN:
SF:src/components/ui/pages/reset-password/index.ts
FN:1,(anonymous_0)
FNF:1
FNH:0
FNDA:0,(anonymous_0)
DA:1,0
LF:1
LH:0
BRF:0
BRH:0
end_of_record
TN:
SF:src/components/ui/pages/reset-password/reset-password.tsx
FN:11,(anonymous_1)
FN:29,(anonymous_2)
FN:38,(anonymous_3)
FNF:3
FNH:0
FNDA:0,(anonymous_1)
FNDA:0,(anonymous_2)
FNDA:0,(anonymous_3)
DA:2,0
DA:7,0
DA:8,0
DA:11,0
DA:12,0
DA:13,0
DA:14,0
DA:15,0
DA:16,0
DA:17,0
DA:18,0
DA:29,0
DA:38,0
LF:13
LH:0
BRDA:51,0,0,0
BRDA:51,0,1,0
BRF:2
BRH:0
end_of_record
TN:
SF:src/components/ui/preloader/index.ts
FN:1,(anonymous_0)
FNF:1
FNH:0
FNDA:0,(anonymous_0)
DA:1,0
LF:1
LH:0
BRF:0
BRH:0
end_of_record
TN:
SF:src/components/ui/preloader/preloader.tsx
FN:4,(anonymous_1)
FNF:1
FNH:0
FNDA:0,(anonymous_1)
DA:2,0
DA:4,0
LF:2
LH:0
BRF:0
BRH:0
end_of_record
TN:
SF:src/components/ui/profile-menu/index.ts
FN:1,(anonymous_0)
FNF:1
FNH:0
FNDA:0,(anonymous_0)
DA:1,0
LF:1
LH:0
BRF:0
BRH:0
end_of_record
TN:
SF:src/components/ui/profile-menu/profile-menu.tsx
FN:6,(anonymous_1)
FN:13,(anonymous_2)
FN:24,(anonymous_3)
FNF:3
FNH:0
FNDA:0,(anonymous_1)
FNDA:0,(anonymous_2)
FNDA:0,(anonymous_3)
DA:2,0
DA:3,0
DA:6,0
DA:7,0
DA:8,0
DA:9,0
DA:13,0
DA:14,0
DA:24,0
DA:25,0
LF:10
LH:0
BRDA:16,0,0,0
BRDA:16,0,1,0
BRDA:27,1,0,0
BRDA:27,1,1,0
BRDA:39,2,0,0
BRDA:39,2,1,0
BRF:6
BRH:0
end_of_record
TN:
SF:src/pages/index.ts
FNF:0
FNH:0
DA:1,0
DA:2,0
DA:3,0
DA:4,0
DA:5,0
DA:6,0
DA:7,0
DA:8,0
DA:9,0
LF:9
LH:0
BRF:0
BRH:0
end_of_record
TN:
SF:src/pages/constructor-page/constructor-page.tsx
FN:8,(anonymous_1)
FN:11,(anonymous_2)
FNF:2
FNH:0
FNDA:0,(anonymous_1)
FNDA:0,(anonymous_2)
DA:2,0
DA:3,0
DA:4,0
DA:5,0
DA:6,0
DA:8,0
DA:9,0
DA:11,0
DA:12,0
DA:13,0
DA:16,0
DA:31,0
DA:34,0
LF:13
LH:0
BRDA:12,0,0,0
BRF:1
BRH:0
end_of_record
TN:
SF:src/pages/constructor-page/index.ts
FNF:0
FNH:0
DA:1,0
DA:3,0
LF:2
LH:0
BRF:0
BRH:0
end_of_record
TN:
SF:src/pages/feed/feed.tsx
FN:10,(anonymous_0)
FN:14,(anonymous_1)
FN:16,(anonymous_2)
FN:20,(anonymous_3)
FNF:4
FNH:0
FNDA:0,(anonymous_0)
FNDA:0,(anonymous_1)
FNDA:0,(anonymous_2)
FNDA:0,(anonymous_3)
DA:1,0
DA:2,0
DA:3,0
DA:4,0
DA:5,0
DA:10,0
DA:11,0
DA:12,0
DA:14,0
DA:16,0
DA:17,0
DA:20,0
DA:21,0
DA:22,0
DA:25,0
DA:28,0
DA:31,0
LF:17
LH:0
BRDA:21,0,0,0
BRF:1
BRH:0
end_of_record
TN:
SF:src/pages/feed/index.ts
FN:1,(anonymous_0)
FNF:1
FNH:0
FNDA:0,(anonymous_0)
DA:1,0
LF:1
LH:0
BRF:0
BRH:0
end_of_record
TN:
SF:src/pages/forgot-password/forgot-password.tsx
FN:7,(anonymous_0)
FN:13,(anonymous_1)
FN:18,(anonymous_2)
FN:22,(anonymous_3)
FNF:4
FNH:0
FNDA:0,(anonymous_0)
FNDA:0,(anonymous_1)
FNDA:0,(anonymous_2)
FNDA:0,(anonymous_3)
DA:1,0
DA:2,0
DA:4,0
DA:5,0
DA:7,0
DA:8,0
DA:9,0
DA:11,0
DA:13,0
DA:14,0
DA:16,0
DA:17,0
DA:19,0
DA:20,0
DA:22,0
DA:25,0
LF:16
LH:0
BRDA:27,0,0,0
BRDA:27,0,1,0
BRDA:27,1,0,0
BRDA:27,1,1,0
BRF:4
BRH:0
end_of_record
TN:
SF:src/pages/forgot-password/index.ts
FN:1,(anonymous_0)
FNF:1
FNH:0
FNDA:0,(anonymous_0)
DA:1,0
LF:1
LH:0
BRF:0
BRH:0
end_of_record
TN:
SF:src/pages/login/index.ts
FN:1,(anonymous_0)
FNF:1
FNH:0
FNDA:0,(anonymous_0)
DA:1,0
LF:1
LH:0
BRF:0
BRH:0
end_of_record
TN:
SF:src/pages/login/login.tsx
FN:11,(anonymous_0)
FN:19,(anonymous_1)
FNF:2
FNH:0
FNDA:0,(anonymous_0)
FNDA:0,(anonymous_1)
DA:1,0
DA:2,0
DA:3,0
DA:4,0
DA:5,0
DA:11,0
DA:12,0
DA:13,0
DA:15,0
DA:16,0
DA:17,0
DA:19,0
DA:20,0
DA:22,0
DA:23,0
DA:27,0
DA:28,0
DA:31,0
DA:43,0
LF:19
LH:0
BRDA:22,0,0,0
BRDA:22,1,0,0
BRDA:22,1,1,0
BRDA:27,2,0,0
BRDA:33,3,0,0
BRDA:33,3,1,0
BRDA:33,4,0,0
BRDA:33,4,1,0
BRF:8
BRH:0
end_of_record
TN:
SF:src/pages/not-fount-404/index.ts
FN:1,(anonymous_0)
FNF:1
FNH:0
FNDA:0,(anonymous_0)
DA:1,0
LF:1
LH:0
BRF:0
BRH:0
end_of_record
TN:
SF:src/pages/not-fount-404/not-fount-404.tsx
FN:3,(anonymous_0)
FNF:1
FNH:0
FNDA:0,(anonymous_0)
DA:3,0
LF:1
LH:0
BRF:0
BRH:0
end_of_record
TN:
SF:src/pages/profile/index.ts
FN:1,(anonymous_0)
FNF:1
FNH:0
FNDA:0,(anonymous_0)
DA:1,0
LF:1
LH:0
BRF:0
BRH:0
end_of_record
TN:
SF:src/pages/profile/profile.tsx
FN:11,(anonymous_2)
FN:23,(anonymous_3)
FN:25,(anonymous_4)
FN:32,(anonymous_5)
FN:41,(anonymous_6)
FN:46,(anonymous_7)
FN:48,(anonymous_8)
FN:54,(anonymous_9)
FNF:8
FNH:0
FNDA:0,(anonymous_2)
FNDA:0,(anonymous_3)
FNDA:0,(anonymous_4)
FNDA:0,(anonymous_5)
FNDA:0,(anonymous_6)
FNDA:0,(anonymous_7)
FNDA:0,(anonymous_8)
FNDA:0,(anonymous_9)
DA:1,0
DA:2,0
DA:3,0
DA:4,0
DA:9,0
DA:11,0
DA:12,0
DA:13,0
DA:15,0
DA:21,0
DA:23,0
DA:24,0
DA:25,0
DA:32,0
DA:33,0
DA:34,0
DA:41,0
DA:42,0
DA:43,0
DA:46,0
DA:47,0
DA:48,0
DA:54,0
DA:55,0
DA:56,0
DA:57,0
DA:60,0
DA:61,0
DA:64,0
DA:75,0
LF:30
LH:0
BRDA:16,0,0,0
BRDA:16,0,1,0
BRDA:16,1,0,0
BRDA:16,1,1,0
BRDA:16,2,0,0
BRDA:16,2,1,0
BRDA:17,3,0,0
BRDA:17,3,1,0
BRDA:17,4,0,0
BRDA:17,4,1,0
BRDA:17,5,0,0
BRDA:17,5,1,0
BRDA:24,6,0,0
BRDA:24,6,1,0
BRDA:27,7,0,0
BRDA:27,7,1,0
BRDA:28,8,0,0
BRDA:28,8,1,0
BRDA:33,9,0,0
BRDA:33,9,1,0
BRDA:35,10,0,0
BRDA:35,10,1,0
BRDA:35,10,2,0
BRDA:60,11,0,0
BRF:24
BRH:0
end_of_record
TN:
SF:src/pages/profile-orders/index.ts
FN:1,(anonymous_0)
FNF:1
FNH:0
FNDA:0,(anonymous_0)
DA:1,0
LF:1
LH:0
BRF:0
BRH:0
end_of_record
TN:
SF:src/pages/profile-orders/profile-orders.tsx
FN:12,(anonymous_0)
FN:16,(anonymous_1)
FN:21,(anonymous_2)
FN:25,(anonymous_3)
FNF:4
FNH:0
FNDA:0,(anonymous_0)
FNDA:0,(anonymous_1)
FNDA:0,(anonymous_2)
FNDA:0,(anonymous_3)
DA:1,0
DA:3,0
DA:4,0
DA:5,0
DA:9,0
DA:10,0
DA:12,0
DA:13,0
DA:14,0
DA:16,0
DA:17,0
DA:18,0
DA:21,0
DA:22,0
DA:25,0
DA:26,0
DA:27,0
DA:30,0
DA:33,0
DA:36,0
LF:20
LH:0
BRDA:26,0,0,0
BRF:1
BRH:0
end_of_record
TN:
SF:src/pages/register/index.ts
FN:1,(anonymous_0)
FNF:1
FNH:0
FNDA:0,(anonymous_0)
DA:1,0
LF:1
LH:0
BRF:0
BRH:0
end_of_record
TN:
SF:src/pages/register/register.tsx
FN:10,(anonymous_0)
FN:19,(anonymous_1)
FNF:2
FNH:0
FNDA:0,(anonymous_0)
FNDA:0,(anonymous_1)
DA:1,0
DA:2,0
DA:3,0
DA:4,0
DA:8,0
DA:10,0
DA:11,0
DA:12,0
DA:13,0
DA:15,0
DA:16,0
DA:17,0
DA:19,0
DA:20,0
DA:21,0
DA:22,0
DA:25,0
DA:39,0
LF:18
LH:0
BRDA:27,0,0,0
BRDA:27,0,1,0
BRDA:27,1,0,0
BRDA:27,1,1,0
BRF:4
BRH:0
end_of_record
TN:
SF:src/pages/reset-password/index.ts
FN:1,(anonymous_0)
FNF:1
FNH:0
FNDA:0,(anonymous_0)
DA:1,0
LF:1
LH:0
BRF:0
BRH:0
end_of_record
TN:
SF:src/pages/reset-password/reset-password.tsx
FN:7,(anonymous_0)
FN:13,(anonymous_1)
FN:17,(anonymous_2)
FN:21,(anonymous_3)
FN:24,(anonymous_4)
FNF:5
FNH:0
FNDA:0,(anonymous_0)
FNDA:0,(anonymous_1)
FNDA:0,(anonymous_2)
FNDA:0,(anonymous_3)
FNDA:0,(anonymous_4)
DA:1,0
DA:2,0
DA:4,0
DA:5,0
DA:7,0
DA:8,0
DA:9,0
DA:10,0
DA:11,0
DA:13,0
DA:14,0
DA:15,0
DA:16,0
DA:18,0
DA:19,0
DA:21,0
DA:24,0
DA:25,0
DA:26,0
DA:30,0
LF:20
LH:0
BRDA:25,0,0,0
BRDA:32,1,0,0
BRDA:32,1,1,0
BRDA:32,2,0,0
BRDA:32,2,1,0
BRF:5
BRH:0
end_of_record
TN:
SF:src/services/store.ts
FN:30,(anonymous_1)
FNF:1
FNH:0
FNDA:0,(anonymous_1)
DA:1,1
DA:2,1
DA:3,1
DA:4,1
DA:5,1
DA:6,1
DA:7,1
DA:13,1
DA:21,1
DA:30,1
DA:31,1
DA:32,1
LF:12
LH:12
BRF:0
BRH:0
end_of_record
TN:
SF:src/services/slices/constructorSlice/constructorSlice.ts
FN:36,(anonymous_15)
FN:36,(anonymous_16)
FN:46,(anonymous_18)
FN:50,(anonymous_19)
FN:58,(anonymous_20)
FN:62,(anonymous_21)
FN:64,(anonymous_22)
FN:67,(anonymous_23)
FN:76,(anonymous_24)
FN:85,(anonymous_25)
FN:88,(anonymous_26)
FN:92,(anonymous_27)
FN:94,(anonymous_28)
FN:99,(anonymous_29)
FN:104,(anonymous_30)
FNF:15
FNH:10
FNDA:0,(anonymous_15)
FNDA:0,(anonymous_16)
FNDA:0,(anonymous_18)
FNDA:3,(anonymous_19)
FNDA:3,(anonymous_20)
FNDA:1,(anonymous_21)
FNDA:1,(anonymous_22)
FNDA:1,(anonymous_23)
FNDA:1,(anonymous_24)
FNDA:0,(anonymous_25)
FNDA:0,(anonymous_26)
FNDA:2,(anonymous_27)
FNDA:1,(anonymous_28)
FNDA:1,(anonymous_29)
FNDA:1,(anonymous_30)
DA:1,2
DA:2,2
DA:23,2
DA:34,2
DA:36,0
DA:37,0
DA:38,0
DA:42,2
DA:46,0
DA:51,3
DA:52,3
DA:53,2
DA:55,1
DA:58,3
DA:63,1
DA:64,1
DA:68,1
DA:69,1
DA:70,1
DA:71,1
DA:72,1
DA:73,1
DA:77,1
DA:78,1
DA:79,1
DA:80,1
DA:81,1
DA:82,1
DA:86,0
DA:89,0
DA:93,2
DA:95,1
DA:96,1
DA:97,1
DA:100,1
DA:101,1
DA:102,1
DA:105,1
DA:106,1
DA:107,1
DA:108,1
DA:109,1
DA:118,2
DA:126,2
DA:128,2
LF:45
LH:39
BRDA:37,0,0,0
BRDA:52,1,0,2
BRDA:52,1,1,1
BRDA:70,2,0,1
BRDA:79,3,0,1
BRDA:102,4,0,1
BRDA:102,4,1,0
BRF:7
BRH:5
end_of_record
TN:
SF:src/services/slices/feedSlice/feedSlice.ts
FN:31,(anonymous_0)
FN:33,(anonymous_1)
FN:35,(anonymous_2)
FN:39,(anonymous_3)
FN:43,(anonymous_4)
FNF:5
FNH:4
FNDA:0,(anonymous_0)
FNDA:2,(anonymous_1)
FNDA:1,(anonymous_2)
FNDA:1,(anonymous_3)
FNDA:1,(anonymous_4)
DA:1,2
DA:2,2
DA:13,2
DA:21,2
DA:26,2
DA:31,0
DA:34,2
DA:36,1
DA:37,1
DA:40,1
DA:41,1
DA:44,1
DA:45,1
DA:46,1
DA:47,1
DA:48,1
DA:53,2
DA:54,2
LF:18
LH:17
BRF:0
BRH:0
end_of_record
TN:
SF:src/services/slices/ingredientSlice/ingredientSlice.ts
FN:23,(anonymous_13)
FN:37,(anonymous_16)
FN:42,(anonymous_17)
FN:43,(anonymous_18)
FN:44,(anonymous_19)
FN:45,(anonymous_20)
FN:51,(anonymous_21)
FN:53,(anonymous_22)
FN:59,(anonymous_23)
FN:65,(anonymous_24)
FNF:10
FNH:4
FNDA:0,(anonymous_13)
FNDA:0,(anonymous_16)
FNDA:0,(anonymous_17)
FNDA:0,(anonymous_18)
FNDA:0,(anonymous_19)
FNDA:0,(anonymous_20)
FNDA:2,(anonymous_21)
FNDA:1,(anonymous_22)
FNDA:1,(anonymous_23)
FNDA:1,(anonymous_24)
DA:1,2
DA:2,2
DA:13,2
DA:21,2
DA:23,0
DA:25,0
DA:26,0
DA:28,0
DA:33,2
DA:38,0
DA:42,0
DA:43,0
DA:44,0
DA:45,0
DA:52,2
DA:54,1
DA:55,1
DA:60,1
DA:61,1
DA:62,1
DA:66,1
DA:67,1
DA:72,2
DA:74,2
DA:80,2
LF:25
LH:16
BRF:0
BRH:0
end_of_record
TN:
SF:src/services/slices/orderSlice/orderSlice.ts
FN:29,(anonymous_13)
FN:29,(anonymous_14)
FN:39,(anonymous_16)
FN:44,(anonymous_17)
FN:45,(anonymous_18)
FN:46,(anonymous_19)
FN:48,(anonymous_20)
FN:50,(anonymous_21)
FN:54,(anonymous_22)
FN:60,(anonymous_23)
FNF:10
FNH:4
FNDA:0,(anonymous_13)
FNDA:0,(anonymous_14)
FNDA:0,(anonymous_16)
FNDA:0,(anonymous_17)
FNDA:0,(anonymous_18)
FNDA:0,(anonymous_19)
FNDA:2,(anonymous_20)
FNDA:1,(anonymous_21)
FNDA:1,(anonymous_22)
FNDA:1,(anonymous_23)
DA:1,2
DA:2,2
DA:16,2
DA:27,2
DA:29,0
DA:30,0
DA:31,0
DA:35,2
DA:40,0
DA:44,0
DA:45,0
DA:46,0
DA:49,2
DA:51,1
DA:52,1
DA:55,1
DA:56,1
DA:61,1
DA:62,1
DA:63,1
DA:69,2
DA:70,2
DA:72,2
DA:73,2
LF:24
LH:17
BRDA:30,0,0,0
BRDA:56,1,0,1
BRDA:56,1,1,0
BRF:3
BRH:1
end_of_record
TN:
SF:src/services/slices/userSlice/userSlice.ts
FN:42,(anonymous_13)
FN:42,(anonymous_14)
FN:47,(anonymous_16)
FN:47,(anonymous_17)
FN:64,(anonymous_19)
FN:64,(anonymous_20)
FN:67,(anonymous_22)
FN:77,(anonymous_25)
FN:82,(anonymous_26)
FN:87,(anonymous_27)
FN:88,(anonymous_28)
FN:90,(anonymous_29)
FN:92,(anonymous_30)
FN:97,(anonymous_31)
FN:103,(anonymous_32)
FN:111,(anonymous_33)
FN:116,(anonymous_34)
FN:122,(anonymous_35)
FN:129,(anonymous_36)
FN:133,(anonymous_37)
FN:139,(anonymous_38)
FN:145,(anonymous_39)
FN:149,(anonymous_40)
FN:153,(anonymous_41)
FN:159,(anonymous_42)
FN:163,(anonymous_43)
FN:167,(anonymous_44)
FN:174,(anonymous_45)
FN:178,(anonymous_46)
FN:182,(anonymous_47)
FNF:30
FNH:19
FNDA:0,(anonymous_13)
FNDA:0,(anonymous_14)
FNDA:0,(anonymous_16)
FNDA:0,(anonymous_17)
FNDA:0,(anonymous_19)
FNDA:0,(anonymous_20)
FNDA:0,(anonymous_22)
FNDA:0,(anonymous_25)
FNDA:0,(anonymous_26)
FNDA:0,(anonymous_27)
FNDA:0,(anonymous_28)
FNDA:2,(anonymous_29)
FNDA:1,(anonymous_30)
FNDA:1,(anonymous_31)
FNDA:1,(anonymous_32)
FNDA:1,(anonymous_33)
FNDA:1,(anonymous_34)
FNDA:1,(anonymous_35)
FNDA:1,(anonymous_36)
FNDA:1,(anonymous_37)
FNDA:1,(anonymous_38)
FNDA:1,(anonymous_39)
FNDA:1,(anonymous_40)
FNDA:1,(anonymous_41)
FNDA:1,(anonymous_42)
FNDA:1,(anonymous_43)
FNDA:1,(anonymous_44)
FNDA:1,(anonymous_45)
FNDA:1,(anonymous_46)
FNDA:1,(anonymous_47)
DA:1,2
DA:12,2
DA:13,2
DA:28,2
DA:40,2
DA:42,0
DA:45,2
DA:47,0
DA:48,0
DA:49,0
DA:50,0
DA:52,0
DA:53,0
DA:54,0
DA:58,2
DA:60,2
DA:62,2
DA:64,0
DA:67,2
DA:68,0
DA:69,0
DA:70,0
DA:73,2
DA:78,0
DA:79,0
DA:80,0
DA:83,0
DA:87,0
DA:88,0
DA:91,2
DA:93,1
DA:94,1
DA:95,1
DA:98,1
DA:99,1
DA:100,1
DA:101,1
DA:104,1
DA:105,1
DA:106,1
DA:107,1
DA:108,1
DA:109,1
DA:112,1
DA:113,1
DA:114,1
DA:117,1
DA:118,1
DA:119,1
DA:120,1
DA:123,1
DA:124,1
DA:125,1
DA:126,1
DA:127,1
DA:130,1
DA:131,1
DA:134,1
DA:135,1
DA:136,1
DA:137,1
DA:140,1
DA:141,1
DA:142,1
DA:143,1
DA:146,1
DA:147,1
DA:150,1
DA:151,1
DA:154,1
DA:155,1
DA:156,1
DA:157,1
DA:160,1
DA:161,1
DA:164,1
DA:165,1
DA:168,1
DA:169,1
DA:170,1
DA:171,1
DA:172,1
DA:175,1
DA:176,1
DA:179,1
DA:180,1
DA:183,1
DA:184,1
DA:185,1
DA:190,2
DA:191,2
DA:192,2
LF:92
LH:74
BRDA:42,0,0,0
BRDA:42,0,1,0
BRDA:48,1,0,0
BRDA:49,2,0,0
BRDA:68,3,0,0
BRF:5
BRH:0
end_of_record
TN:
SF:src/stories/BurgerConstructor.stories.ts
FN:24,(anonymous_0)
FN:25,(anonymous_1)
FNF:2
FNH:0
FNDA:0,(anonymous_0)
FNDA:0,(anonymous_1)
DA:1,0
DA:4,0
DA:15,0
DA:18,0
LF:4
LH:0
BRF:0
BRH:0
end_of_record
TN:
SF:src/stories/BurgerConstructorElement.stories.ts
FN:37,(anonymous_0)
FN:38,(anonymous_1)
FN:39,(anonymous_2)
FNF:3
FNH:0
FNDA:0,(anonymous_0)
FNDA:0,(anonymous_1)
FNDA:0,(anonymous_2)
DA:1,0
DA:5,0
DA:16,0
DA:19,0
LF:4
LH:0
BRF:0
BRH:0
end_of_record
TN:
SF:src/stories/BurgerIngredient.stories.tsx
FN:15,(anonymous_0)
FN:51,(anonymous_1)
FNF:2
FNH:0
FNDA:0,(anonymous_0)
FNDA:0,(anonymous_1)
DA:2,0
DA:5,0
DA:15,0
DA:23,0
DA:26,0
LF:5
LH:0
BRF:0
BRH:0
end_of_record
TN:
SF:src/stories/FeedInfo.stories.ts
FNF:0
FNH:0
DA:1,0
DA:4,0
DA:15,0
DA:18,0
LF:4
LH:0
BRF:0
BRH:0
end_of_record
TN:
SF:src/stories/Header.stories.ts
FNF:0
FNH:0
DA:3,0
DA:5,0
DA:16,0
DA:19,0
DA:25,0
LF:5
LH:0
BRF:0
BRH:0
end_of_record
TN:
SF:src/stories/IngredientDetails.stories.ts
FNF:0
FNH:0
DA:1,0
DA:4,0
DA:15,0
DA:18,0
LF:4
LH:0
BRF:0
BRH:0
end_of_record
TN:
SF:src/stories/OrderCard.stories.ts
FNF:0
FNH:0
DA:1,0
DA:4,0
DA:15,0
DA:18,0
LF:4
LH:0
BRF:0
BRH:0
end_of_record
TN:
SF:src/stories/OrderDetails.stories.tsx
FN:15,(anonymous_0)
FNF:1
FNH:0
FNDA:0,(anonymous_0)
DA:2,0
DA:5,0
DA:15,0
DA:31,0
DA:34,0
LF:5
LH:0
BRF:0
BRH:0
end_of_record
TN:
SF:src/stories/OrderInfo.stories.ts
FNF:0
FNH:0
DA:1,0
DA:4,0
DA:15,0
DA:18,0
LF:4
LH:0
BRF:0
BRH:0
end_of_record
TN:
SF:src/stories/OrderStatus.stories.tsx
FN:15,(anonymous_0)
FNF:1
FNH:0
FNDA:0,(anonymous_0)
DA:2,0
DA:5,0
DA:15,0
DA:23,0
DA:26,0
LF:5
LH:0
BRF:0
BRH:0
end_of_record
TN:
SF:src/stories/Preloader.stories.ts
FNF:0
FNH:0
DA:1,0
DA:4,0
DA:15,0
DA:18,0
LF:4
LH:0
BRF:0
BRH:0
end_of_record
TN:
SF:src/stories/ProfileMenu.stories.ts
FN:21,(anonymous_0)
FNF:1
FNH:0
FNDA:0,(anonymous_0)
DA:1,0
DA:4,0
DA:15,0
DA:18,0
LF:4
LH:0
BRF:0
BRH:0
end_of_record
TN:
SF:src/utils/burger-api.ts
FN:6,(anonymous_13)
FN:7,(anonymous_14)
FN:18,(anonymous_15)
FN:28,(anonymous_16)
FN:29,(anonymous_17)
FN:38,(anonymous_18)
FN:40,(anonymous_19)
FN:74,(anonymous_21)
FN:76,(anonymous_22)
FN:77,(anonymous_23)
FN:82,(anonymous_24)
FN:84,(anonymous_25)
FN:85,(anonymous_26)
FN:90,(anonymous_27)
FN:97,(anonymous_28)
FN:107,(anonymous_29)
FN:117,(anonymous_30)
FN:126,(anonymous_31)
FN:132,(anonymous_32)
FN:146,(anonymous_33)
FN:154,(anonymous_34)
FN:155,(anonymous_35)
FN:165,(anonymous_36)
FN:173,(anonymous_37)
FN:174,(anonymous_38)
FN:179,(anonymous_39)
FN:187,(anonymous_40)
FN:188,(anonymous_41)
FN:193,(anonymous_42)
FN:201,(anonymous_43)
FN:202,(anonymous_44)
FN:209,(anonymous_45)
FN:216,(anonymous_46)
FN:226,(anonymous_47)
FN:235,(anonymous_48)
FNF:35
FNH:0
FNDA:0,(anonymous_13)
FNDA:0,(anonymous_14)
FNDA:0,(anonymous_15)
FNDA:0,(anonymous_16)
FNDA:0,(anonymous_17)
FNDA:0,(anonymous_18)
FNDA:0,(anonymous_19)
FNDA:0,(anonymous_21)
FNDA:0,(anonymous_22)
FNDA:0,(anonymous_23)
FNDA:0,(anonymous_24)
FNDA:0,(anonymous_25)
FNDA:0,(anonymous_26)
FNDA:0,(anonymous_27)
FNDA:0,(anonymous_28)
FNDA:0,(anonymous_29)
FNDA:0,(anonymous_30)
FNDA:0,(anonymous_31)
FNDA:0,(anonymous_32)
FNDA:0,(anonymous_33)
FNDA:0,(anonymous_34)
FNDA:0,(anonymous_35)
FNDA:0,(anonymous_36)
FNDA:0,(anonymous_37)
FNDA:0,(anonymous_38)
FNDA:0,(anonymous_39)
FNDA:0,(anonymous_40)
FNDA:0,(anonymous_41)
FNDA:0,(anonymous_42)
FNDA:0,(anonymous_43)
FNDA:0,(anonymous_44)
FNDA:0,(anonymous_45)
FNDA:0,(anonymous_46)
FNDA:0,(anonymous_47)
FNDA:0,(anonymous_48)
DA:1,6
DA:4,6
DA:6,6
DA:7,0
DA:18,6
DA:19,0
DA:28,0
DA:30,0
DA:31,0
DA:33,0
DA:34,0
DA:35,0
DA:38,6
DA:40,0
DA:43,0
DA:44,0
DA:46,0
DA:47,0
DA:48,0
DA:49,0
DA:52,0
DA:53,0
DA:55,0
DA:74,6
DA:75,0
DA:76,0
DA:78,0
DA:79,0
DA:82,6
DA:83,0
DA:84,0
DA:86,0
DA:87,0
DA:90,6
DA:91,0
DA:98,0
DA:99,0
DA:107,6
DA:108,0
DA:118,0
DA:119,0
DA:126,6
DA:127,0
DA:132,0
DA:146,6
DA:147,0
DA:154,0
DA:156,0
DA:157,0
DA:165,6
DA:166,0
DA:173,0
DA:175,0
DA:176,0
DA:179,6
DA:180,0
DA:187,0
DA:189,0
DA:190,0
DA:193,6
DA:194,0
DA:201,0
DA:203,0
DA:204,0
DA:209,6
DA:210,0
DA:216,6
DA:217,0
DA:226,6
DA:227,0
DA:235,0
LF:71
LH:17
BRDA:7,0,0,0
BRDA:7,0,1,0
BRDA:30,1,0,0
BRDA:44,2,0,0
BRDA:44,2,1,0
BRDA:44,2,2,0
BRDA:46,3,0,0
BRDA:48,4,0,0
BRDA:78,5,0,0
BRDA:78,6,0,0
BRDA:78,6,1,0
BRDA:78,7,0,0
BRDA:78,7,1,0
BRDA:86,8,0,0
BRDA:86,9,0,0
BRDA:86,9,1,0
BRDA:86,10,0,0
BRDA:86,10,1,0
BRDA:98,11,0,0
BRDA:98,12,0,0
BRDA:98,12,1,0
BRDA:98,13,0,0
BRDA:98,13,1,0
BRDA:118,14,0,0
BRDA:118,15,0,0
BRDA:118,15,1,0
BRDA:118,16,0,0
BRDA:118,16,1,0
BRDA:156,17,0,0
BRDA:156,18,0,0
BRDA:156,18,1,0
BRDA:156,19,0,0
BRDA:156,19,1,0
BRDA:175,20,0,0
BRDA:175,21,0,0
BRDA:175,21,1,0
BRDA:175,22,0,0
BRDA:175,22,1,0
BRDA:189,23,0,0
BRDA:189,24,0,0
BRDA:189,24,1,0
BRDA:189,25,0,0
BRDA:189,25,1,0
BRDA:203,26,0,0
BRDA:203,27,0,0
BRDA:203,27,1,0
BRDA:203,28,0,0
BRDA:203,28,1,0
BRF:48
BRH:0
end_of_record
TN:
SF:src/utils/cookie.ts
FN:1,getCookie
FN:13,setCookie
FN:45,deleteCookie
FNF:3
FNH:0
FNDA:0,getCookie
FNDA:0,setCookie
FNDA:0,deleteCookie
DA:1,6
DA:2,0
DA:10,0
DA:13,6
DA:16,0
DA:18,0
DA:23,0
DA:24,0
DA:25,0
DA:26,0
DA:27,0
DA:30,0
DA:31,0
DA:33,0
DA:34,0
DA:35,0
DA:36,0
DA:37,0
DA:38,0
DA:39,0
DA:42,0
DA:45,6
DA:46,0
LF:23
LH:3
BRDA:10,0,0,0
BRDA:10,0,1,0
BRDA:16,1,0,0
BRDA:24,2,0,0
BRDA:24,3,0,0
BRDA:24,3,1,0
BRDA:30,4,0,0
BRDA:30,5,0,0
BRDA:30,5,1,0
BRDA:38,6,0,0
BRF:10
BRH:0
end_of_record
